  Riddle.cpp
c:\_studia\_4 semestr\si\projekt merge\projekt merge\riddle.h(35): warning C4305: 'return': truncation from 'int' to 'bool'
c:\_studia\_4 semestr\si\projekt merge\projekt merge\riddle.cpp(242): warning C4800: 'int': forcing value to bool 'true' or 'false' (performance warning)
c:\_studia\_4 semestr\si\projekt merge\projekt merge\riddle.cpp(246): warning C4800: 'int': forcing value to bool 'true' or 'false' (performance warning)
c:\_studia\_4 semestr\si\projekt merge\projekt merge\riddle.cpp(250): warning C4800: 'int': forcing value to bool 'true' or 'false' (performance warning)
c:\_studia\_4 semestr\si\projekt merge\projekt merge\riddle.cpp(254): warning C4800: 'int': forcing value to bool 'true' or 'false' (performance warning)
c:\_studia\_4 semestr\si\projekt merge\projekt merge\riddle.cpp(258): warning C4800: 'int': forcing value to bool 'true' or 'false' (performance warning)
c:\_studia\_4 semestr\si\projekt merge\projekt merge\riddle.cpp(419): warning C4800: 'bool *': forcing value to bool 'true' or 'false' (performance warning)
  Projekt Merge.cpp
c:\_studia\_4 semestr\si\projekt merge\projekt merge\riddle.h(35): warning C4305: 'return': truncation from 'int' to 'bool'
c:\_studia\_4 semestr\si\projekt merge\projekt merge\projekt merge.cpp(31): warning C4244: 'argument': conversion from 'time_t' to 'unsigned int', possible loss of data
  Helper.cpp
c:\_studia\_4 semestr\si\projekt merge\projekt merge\helper.cpp(128): warning C4101: 'l': unreferenced local variable
c:\_studia\_4 semestr\si\projekt merge\projekt merge\helper.cpp(130): warning C4101: 't': unreferenced local variable
c:\_studia\_4 semestr\si\projekt merge\projekt merge\helper.cpp(131): warning C4101: 'd': unreferenced local variable
c:\_studia\_4 semestr\si\projekt merge\projekt merge\helper.cpp(129): warning C4101: 'r': unreferenced local variable
  Board.cpp
  Generating Code...
c:\_studia\_4 semestr\si\projekt merge\projekt merge\board.cpp(33): warning C4717: 'Board::move': recursive on all control paths, function will cause runtime stack overflow
c:\_studia\_4 semestr\si\projekt merge\projekt merge\board.cpp(110): warning C4715: 'Board::findPosOf': not all control paths return a value
c:\_studia\_4 semestr\si\projekt merge\projekt merge\riddle.cpp(406): warning C4715: 'Riddle::calcPriority': not all control paths return a value
  Compiling...
  Config.cpp
  Generating Code...
  Projekt Merge.vcxproj -> C:\_Studia\_4 semestr\SI\Projekt Merge\Debug\Projekt Merge.exe
