c:\_studia\_4 semestr\si\projekt merge\projekt merge\debug\projekt merge.pch
c:\_studia\_4 semestr\si\projekt merge\projekt merge\debug\vc140.pdb
c:\_studia\_4 semestr\si\projekt merge\projekt merge\debug\vc140.idb
c:\_studia\_4 semestr\si\projekt merge\projekt merge\debug\stdafx.obj
c:\_studia\_4 semestr\si\projekt merge\projekt merge\debug\pos.obj
c:\_studia\_4 semestr\si\projekt merge\projekt merge\debug\projekt merge.obj
c:\_studia\_4 semestr\si\projekt merge\projekt merge\debug\board.obj
c:\_studia\_4 semestr\si\projekt merge\projekt merge\debug\helper.obj
c:\_studia\_4 semestr\si\projekt merge\projekt merge\debug\config.obj
c:\_studia\_4 semestr\si\projekt merge\projekt merge\debug\redblacktree.obj
c:\_studia\_4 semestr\si\projekt merge\projekt merge\debug\riddle.obj
c:\_studia\_4 semestr\si\projekt merge\debug\projekt merge.ilk
c:\_studia\_4 semestr\si\projekt merge\debug\projekt merge.exe
c:\_studia\_4 semestr\si\projekt merge\debug\projekt merge.pdb
c:\_studia\_4 semestr\si\projekt merge\projekt merge\debug\projekt merge.tlog\cl.command.1.tlog
c:\_studia\_4 semestr\si\projekt merge\projekt merge\debug\projekt merge.tlog\cl.read.1.tlog
c:\_studia\_4 semestr\si\projekt merge\projekt merge\debug\projekt merge.tlog\cl.write.1.tlog
c:\_studia\_4 semestr\si\projekt merge\projekt merge\debug\projekt merge.tlog\link.command.1.tlog
c:\_studia\_4 semestr\si\projekt merge\projekt merge\debug\projekt merge.tlog\link.read.1.tlog
c:\_studia\_4 semestr\si\projekt merge\projekt merge\debug\projekt merge.tlog\link.write.1.tlog
